[debug] [2021-01-09T16:24:42.294Z] ----------------------------------------------------------------------
[debug] [2021-01-09T16:24:42.295Z] Command:       /usr/local/bin/node /usr/local/bin/firebase init
[debug] [2021-01-09T16:24:42.296Z] CLI Version:   8.16.2
[debug] [2021-01-09T16:24:42.296Z] Platform:      darwin
[debug] [2021-01-09T16:24:42.296Z] Node Version:  v12.19.0
[debug] [2021-01-09T16:24:42.297Z] Time:          Sat Jan 09 2021 16:24:42 GMT+0000 (Greenwich Mean Time)
[debug] [2021-01-09T16:24:42.297Z] ----------------------------------------------------------------------
[debug] [2021-01-09T16:24:42.297Z] 
[debug] [2021-01-09T16:24:42.303Z] > command requires scopes: ["email","openid","https://www.googleapis.com/auth/cloudplatformprojects.readonly","https://www.googleapis.com/auth/firebase","https://www.googleapis.com/auth/cloud-platform"]
[debug] [2021-01-09T16:24:42.303Z] > authorizing via signed-in user
[info] 
     ######## #### ########  ######## ########     ###     ######  ########
     ##        ##  ##     ## ##       ##     ##  ##   ##  ##       ##
     ######    ##  ########  ######   ########  #########  ######  ######
     ##        ##  ##    ##  ##       ##     ## ##     ##       ## ##
     ##       #### ##     ## ######## ########  ##     ##  ######  ########

You're about to initialize a Firebase project in this directory:

  /Users/otis/Desktop/Covid-Tracker/covid-tracker

Before we get started, keep in mind:

  * You are initializing in an existing Firebase project directory

[info] 
=== Project Setup
[info] 
[info] First, let's associate this project directory with a Firebase project.
[info] You can create multiple project aliases by running firebase use --add, 
[info] but for now we'll just set up a default project.
[info] 
[info] i  .firebaserc already has a default project, using covid-tracker-e8499. 
[debug] [2021-01-09T16:24:48.630Z] >>> HTTP REQUEST GET https://firebase.googleapis.com/v1beta1/projects/covid-tracker-e8499  
 
[debug] [2021-01-09T16:24:49.021Z] <<< HTTP RESPONSE 200 {"content-type":"application/json; charset=UTF-8","vary":"X-Origin, Referer, Origin,Accept-Encoding","date":"Sat, 09 Jan 2021 16:24:48 GMT","server":"ESF","cache-control":"private","x-xss-protection":"0","x-frame-options":"SAMEORIGIN","x-content-type-options":"nosniff","alt-svc":"h3-29=\":443\"; ma=2592000,h3-T051=\":443\"; ma=2592000,h3-Q050=\":443\"; ma=2592000,h3-Q046=\":443\"; ma=2592000,h3-Q043=\":443\"; ma=2592000,quic=\":443\"; ma=2592000; v=\"46,43\"","accept-ranges":"none","transfer-encoding":"chunked"}
[info] 
=== Hosting Setup
[info] 
[info] Your public directory is the folder (relative to your project directory) that
[info] will contain Hosting assets to be uploaded with firebase deploy. If you
[info] have a build process for your assets, use your build's output directory.
[info] 
